2022-11-04 09:22:39,605 INFO org.springframework.boot.StartupInfoLogger [main] Starting CatalogInventoryApplication using Java 11 on SoumoKonnectbox with PID 17004 (D:\IntelliJ_Workspace\catalog-inventory-service\target\classes started by soumo in D:\IntelliJ_Workspace\catalog-inventory-service)
2022-11-04 09:22:39,611 INFO org.springframework.boot.SpringApplication [main] The following profiles are active: dev
2022-11-04 09:22:40,189 WARN org.springframework.core.log.CompositeLog [background-preinit] For Jackson Kotlin classes support please add "com.fasterxml.jackson.module:jackson-module-kotlin" to the classpath
2022-11-04 09:23:38,874 INFO com.kb.java.utils.AerospikeCacheClientImpl [main] Going to make connection with Aerospike with URL : aerospike-dev.konnectbox.com:3000
2022-11-04 09:23:38,878 INFO com.kb.java.utils.AerospikeCacheClientImpl [main] initialize aerospike client
2022-11-04 09:23:41,582 INFO com.kb.java.utils.AerospikeCacheClientImpl [main] connected successfully with aerospike
2022-11-04 09:23:41,911 INFO com.kb.java.utils.KbRestTemplate [main] microservice url https://dev.konnectbox.com/admin-service/supplier/getBulkSupplierCertificate
2022-11-04 09:23:43,590 INFO com.kb.java.utils.KbRestTemplate [main] microservice url https://dev.konnectbox.com/admin-service/supplier/getBulkSupplierCertificate responsetime 1679
2022-11-04 09:23:43,592 INFO com.kb.java.utils.KbRestTemplate [main] Status Code 200 OK
2022-11-04 09:23:45,407 INFO com.kb.kafka.producer.KafkaProducerConfig [main] kafka producer loaded with properties : {retries=1, value.serializer=org.apache.kafka.common.serialization.StringSerializer, acks=all, batch.size=16384, bootstrap.servers=kafka-dev.konnectbox.com:9092, buffer.memory=33554432, key.serializer=org.apache.kafka.common.serialization.StringSerializer, linger.ms=16384}
2022-11-04 09:23:45,424 INFO com.kb.kafka.producer.KafkaProducerConfig [main] kafka producer loaded with properties : {retries=1, value.serializer=org.apache.kafka.common.serialization.StringSerializer, acks=all, batch.size=16384, bootstrap.servers=kafka-dev.konnectbox.com:9092, buffer.memory=33554432, key.serializer=org.apache.kafka.common.serialization.StringSerializer, linger.ms=16384}
2022-11-04 09:23:47,550 INFO com.kb.kafka.consumer.KafkaConsumerNotifier [main] Going to start thread for 2 KafkaListener
2022-11-04 09:23:47,551 INFO com.kb.kafka.consumer.KafkaConsumerNotifier [main] Invoking a background thread for listener with topic name : kb-inventory-topic and config : KafkaConsumerConfigs [topicName=kb-inventory-topic, consumerGroupId=9a588e30-a7b4-4ca0-8c0b-d8b545fa4a22, autoOffsetReset=latest, sessionTimeout=30000, keyDeserializer=org.apache.kafka.common.serialization.StringDeserializer, valueDeserializer=org.apache.kafka.common.serialization.StringDeserializer, maxPollCount=0]
2022-11-04 09:23:47,647 INFO com.kb.kafka.consumer.KafkaConsumerTask [main] com.kb.catalogInventory.service.ProductUploadListner@5de7948a {key.deserializer=org.apache.kafka.common.serialization.StringDeserializer, value.deserializer=org.apache.kafka.common.serialization.StringDeserializer, max.poll.records=10, group.id=9a588e30-a7b4-4ca0-8c0b-d8b545fa4a22, bootstrap.servers=kafka-dev.konnectbox.com:9092, session.timeout.ms=30000, auto.offset.reset=latest} com.kb.catalogInventory.service.ProductUploadListner@5de7948a
2022-11-04 09:23:47,648 INFO com.kb.kafka.consumer.KafkaConsumerNotifier [main] Invoking a background thread for listener with topic name : kb-similar-prod-topic and config : KafkaConsumerConfigs [topicName=kb-similar-prod-topic, consumerGroupId=similarProdListner, autoOffsetReset=latest, sessionTimeout=30000, keyDeserializer=org.apache.kafka.common.serialization.StringDeserializer, valueDeserializer=org.apache.kafka.common.serialization.StringDeserializer, maxPollCount=0]
2022-11-04 09:23:47,649 INFO com.kb.kafka.consumer.KafkaConsumerTask [Thread-4] Listener started for topic : kb-inventory-topic and with properties : KafkaConsumerConfigs [topicName=kb-inventory-topic, consumerGroupId=9a588e30-a7b4-4ca0-8c0b-d8b545fa4a22, autoOffsetReset=latest, sessionTimeout=30000, keyDeserializer=org.apache.kafka.common.serialization.StringDeserializer, valueDeserializer=org.apache.kafka.common.serialization.StringDeserializer, maxPollCount=0]
2022-11-04 09:23:47,663 INFO com.kb.kafka.consumer.KafkaConsumerTask [main] com.kb.catalogInventory.service.SimilarProductUploadListner@73b68d98 {key.deserializer=org.apache.kafka.common.serialization.StringDeserializer, value.deserializer=org.apache.kafka.common.serialization.StringDeserializer, max.poll.records=10, group.id=similarProdListner, bootstrap.servers=kafka-dev.konnectbox.com:9092, session.timeout.ms=30000, auto.offset.reset=latest} com.kb.catalogInventory.service.SimilarProductUploadListner@73b68d98
2022-11-04 09:23:47,665 INFO com.kb.kafka.consumer.KafkaConsumerTask [Thread-5] Listener started for topic : kb-similar-prod-topic and with properties : KafkaConsumerConfigs [topicName=kb-similar-prod-topic, consumerGroupId=similarProdListner, autoOffsetReset=latest, sessionTimeout=30000, keyDeserializer=org.apache.kafka.common.serialization.StringDeserializer, valueDeserializer=org.apache.kafka.common.serialization.StringDeserializer, maxPollCount=0]
2022-11-04 09:23:47,669 INFO org.springframework.boot.StartupInfoLogger [main] Started CatalogInventoryApplication in 69.014 seconds (JVM running for 70.665)
2022-11-04 09:23:49,407 INFO com.kb.catalogInventory.scheduler.SchedulerTask [scheduling-1] No record found for purge the document from elasticsearch.
2022-11-04 09:23:52,876 INFO com.kb.java.utils.KbRestTemplate [scheduling-1] microservice url https://dev.konnectbox.com/order-service/bestselling/details/fetch
2022-11-04 09:23:53,736 INFO com.kb.java.utils.KbRestTemplate [scheduling-1] microservice url https://dev.konnectbox.com/order-service/bestselling/details/fetch responsetime 860
2022-11-04 09:23:53,736 INFO com.kb.java.utils.KbRestTemplate [scheduling-1] Status Code 200 OK
2022-11-04 09:24:00,588 INFO org.springframework.web.servlet.FrameworkServlet [http-nio-8082-exec-2] Initializing Servlet 'dispatcherServlet'
2022-11-04 09:24:00,593 INFO org.springframework.web.servlet.FrameworkServlet [http-nio-8082-exec-2] Completed initialization in 4 ms
2022-11-04 09:24:00,666 INFO com.kb.java.utils.security.filter.CentralAuthFilter [http-nio-8082-exec-2] Inside the doFilterInternal of JwtRequestFilter
2022-11-04 09:24:00,709 INFO com.kb.java.utils.ServiceIntercepter [http-nio-8082-exec-2] Intercepter invoked
2022-11-04 09:24:00,713 INFO com.kb.java.utils.ServiceIntercepter [http-nio-8082-exec-2]  Header Key content-type
2022-11-04 09:24:00,715 INFO com.kb.java.utils.ServiceIntercepter [http-nio-8082-exec-2]  Header Key user-agent
2022-11-04 09:24:00,716 INFO com.kb.java.utils.ServiceIntercepter [http-nio-8082-exec-2]  Header Key accept
2022-11-04 09:24:00,718 INFO com.kb.java.utils.ServiceIntercepter [http-nio-8082-exec-2]  Header Key postman-token
2022-11-04 09:24:00,719 INFO com.kb.java.utils.ServiceIntercepter [http-nio-8082-exec-2]  Header Key host
2022-11-04 09:24:00,720 INFO com.kb.java.utils.ServiceIntercepter [http-nio-8082-exec-2]  Header Key accept-encoding
2022-11-04 09:24:00,721 INFO com.kb.java.utils.ServiceIntercepter [http-nio-8082-exec-2]  Header Key connection
2022-11-04 09:24:00,722 INFO com.kb.java.utils.ServiceIntercepter [http-nio-8082-exec-2]  Header Key content-length
2022-11-04 09:24:00,723 INFO com.kb.java.utils.ServiceIntercepter [http-nio-8082-exec-2] B.E VERSION REQUESTED  null
2022-11-04 09:24:00,725 INFO com.kb.java.utils.ServiceIntercepter [http-nio-8082-exec-2] transactionid 064c81b2-29c4-480f-8b06-a44a6db392b7
2022-11-04 09:24:00,875 INFO com.kb.catalogInventory.controller.CollectionController [http-nio-8082-exec-2] Inside addDynamicCollection
2022-11-04 09:24:21,749 INFO com.kb.java.utils.KbRestTemplate [http-nio-8082-exec-2] microservice url https://dev.konnectbox.com/order-service/bestselling/details/fetchbestsellingproducts
2022-11-04 09:24:21,749 INFO com.kb.catalogInventory.scheduler.UpdateCollectionScheduler [scheduling-1] Run Schdeuler for updating the collection periodically
2022-11-04 09:24:23,537 INFO com.kb.java.utils.KbRestTemplate [http-nio-8082-exec-2] microservice url https://dev.konnectbox.com/order-service/bestselling/details/fetchbestsellingproducts responsetime 1788
2022-11-04 09:24:23,540 INFO com.kb.java.utils.KbRestTemplate [http-nio-8082-exec-2] Status Code 200 OK
2022-11-04 09:24:49,810 INFO com.kb.java.utils.KbRestTemplate [http-nio-8082-exec-2] microservice url https://dev.konnectbox.com/order-service/bestselling/details/fetchbestsellingproducts
2022-11-04 09:24:51,301 INFO com.kb.java.utils.KbRestTemplate [http-nio-8082-exec-2] microservice url https://dev.konnectbox.com/order-service/bestselling/details/fetchbestsellingproducts responsetime 1492
2022-11-04 09:24:51,304 INFO com.kb.java.utils.KbRestTemplate [http-nio-8082-exec-2] Status Code 200 OK
2022-11-04 09:25:02,064 INFO com.kb.java.utils.KbRestTemplate [http-nio-8082-exec-2] microservice url https://dev.konnectbox.com/order-service/bestselling/details/fetchbestsellingproducts
2022-11-04 09:25:04,610 INFO com.kb.java.utils.KbRestTemplate [scheduling-1] microservice url https://dev.konnectbox.com/order-service/bestselling/details/fetchbestsellingproducts
2022-11-04 09:25:05,674 INFO com.kb.java.utils.KbRestTemplate [scheduling-1] microservice url https://dev.konnectbox.com/order-service/bestselling/details/fetchbestsellingproducts responsetime 1064
2022-11-04 09:25:05,675 INFO com.kb.java.utils.KbRestTemplate [scheduling-1] Status Code 200 OK
2022-11-04 09:25:06,120 INFO com.kb.java.utils.KbRestTemplate [http-nio-8082-exec-2] microservice url https://dev.konnectbox.com/order-service/bestselling/details/fetchbestsellingproducts responsetime 4056
2022-11-04 09:25:06,126 INFO com.kb.java.utils.KbRestTemplate [http-nio-8082-exec-2] Status Code 200 OK
